<?xml version="1.0" encoding="UTF-8"?>
<!-- Generated by org.testng.reporters.JUnitReportReporter -->
<testsuite hostname="DESKTOP-FASUGHM" failures="0" tests="5" name="org.testng.Testng1" time="0.025" errors="0" timestamp="24 Apr 2022 03:24:57 GMT" skipped="0">
  <testcase classname="org.testng.Testng1" name="test3" time="0.016"/>
  <testcase classname="org.testng.Testng1" name="test4" time="0.003"/>
  <testcase classname="org.testng.Testng1" name="test5" time="0.002"/>
  <testcase classname="org.testng.Testng1" name="test1" time="0.002"/>
  <testcase classname="org.testng.Testng1" name="test2" time="0.002"/>
</testsuite> <!-- org.testng.Testng1 -->
